[2024-03-23 01:28:46] local.ERROR: Unable to locate file in Vite manifest: resources/images/main.svg. {"view":{"view":"D:\\KULIAHHHHZCZCZ\\SEMESTER 4\\PEMFRAME\\BUAT VSCOD\\minggu_4\\resources\\views\\welcome.blade.php","data":{"errors":"<pre class=sf-dump id=sf-dump-841131939 data-indent-pad=\"  \"><span class=sf-dump-note>Illuminate\\Support\\ViewErrorBag</span> {<a class=sf-dump-ref>#291</a><samp data-depth=1 class=sf-dump-expanded>
  #<span class=sf-dump-protected title=\"Protected property\">bags</span>: []
</samp>}
</pre><script>Sfdump(\"sf-dump-841131939\", {\"maxDepth\":3,\"maxStringLength\":160})</script>
"}},"exception":"[object] (Spatie\\LaravelIgnition\\Exceptions\\ViewException(code: 0): Unable to locate file in Vite manifest: resources/images/main.svg. at D:\\KULIAHHHHZCZCZ\\SEMESTER 4\\PEMFRAME\\BUAT VSCOD\\minggu_4\\vendor\\laravel\\framework\\src\\Illuminate\\Foundation\\Vite.php:781)
[stacktrace]
#0 D:\\KULIAHHHHZCZCZ\\SEMESTER 4\\PEMFRAME\\BUAT VSCOD\\minggu_4\\vendor\\laravel\\framework\\src\\Illuminate\\Foundation\\Vite.php(673): Illuminate\\Foundation\\Vite->chunk(Array, 'resources/image...')
#1 D:\\KULIAHHHHZCZCZ\\SEMESTER 4\\PEMFRAME\\BUAT VSCOD\\minggu_4\\vendor\\laravel\\framework\\src\\Illuminate\\Support\\Facades\\Facade.php(357): Illuminate\\Foundation\\Vite->asset('resources/image...')
#2 D:\\KULIAHHHHZCZCZ\\SEMESTER 4\\PEMFRAME\\BUAT VSCOD\\minggu_4\\resources\\views\\welcome.blade.php(13): Illuminate\\Support\\Facades\\Facade::__callStatic('asset', Array)
#3 D:\\KULIAHHHHZCZCZ\\SEMESTER 4\\PEMFRAME\\BUAT VSCOD\\minggu_4\\vendor\\laravel\\framework\\src\\Illuminate\\Filesystem\\Filesystem.php(123): require('D:\\\\KULIAHHHHZCZ...')
#4 D:\\KULIAHHHHZCZCZ\\SEMESTER 4\\PEMFRAME\\BUAT VSCOD\\minggu_4\\vendor\\laravel\\framework\\src\\Illuminate\\Filesystem\\Filesystem.php(124): Illuminate\\Filesystem\\Filesystem::Illuminate\\Filesystem\\{closure}()
#5 D:\\KULIAHHHHZCZCZ\\SEMESTER 4\\PEMFRAME\\BUAT VSCOD\\minggu_4\\vendor\\laravel\\framework\\src\\Illuminate\\View\\Engines\\PhpEngine.php(58): Illuminate\\Filesystem\\Filesystem->getRequire('D:\\\\KULIAHHHHZCZ...', Array)
#6 D:\\KULIAHHHHZCZCZ\\SEMESTER 4\\PEMFRAME\\BUAT VSCOD\\minggu_4\\vendor\\laravel\\framework\\src\\Illuminate\\View\\Engines\\CompilerEngine.php(73): Illuminate\\View\\Engines\\PhpEngine->evaluatePath('D:\\\\KULIAHHHHZCZ...', Array)
#7 D:\\KULIAHHHHZCZCZ\\SEMESTER 4\\PEMFRAME\\BUAT VSCOD\\minggu_4\\vendor\\laravel\\framework\\src\\Illuminate\\View\\View.php(208): Illuminate\\View\\Engines\\CompilerEngine->get('D:\\\\KULIAHHHHZCZ...', Array)
#8 D:\\KULIAHHHHZCZCZ\\SEMESTER 4\\PEMFRAME\\BUAT VSCOD\\minggu_4\\vendor\\laravel\\framework\\src\\Illuminate\\View\\View.php(191): Illuminate\\View\\View->getContents()
#9 D:\\KULIAHHHHZCZCZ\\SEMESTER 4\\PEMFRAME\\BUAT VSCOD\\minggu_4\\vendor\\laravel\\framework\\src\\Illuminate\\View\\View.php(160): Illuminate\\View\\View->renderContents()
#10 D:\\KULIAHHHHZCZCZ\\SEMESTER 4\\PEMFRAME\\BUAT VSCOD\\minggu_4\\vendor\\laravel\\framework\\src\\Illuminate\\Http\\Response.php(70): Illuminate\\View\\View->render()
#11 D:\\KULIAHHHHZCZCZ\\SEMESTER 4\\PEMFRAME\\BUAT VSCOD\\minggu_4\\vendor\\laravel\\framework\\src\\Illuminate\\Http\\Response.php(35): Illuminate\\Http\\Response->setContent(Object(Illuminate\\View\\View))
#12 D:\\KULIAHHHHZCZCZ\\SEMESTER 4\\PEMFRAME\\BUAT VSCOD\\minggu_4\\vendor\\laravel\\framework\\src\\Illuminate\\Routing\\Router.php(918): Illuminate\\Http\\Response->__construct(Object(Illuminate\\View\\View), 200, Array)
#13 D:\\KULIAHHHHZCZCZ\\SEMESTER 4\\PEMFRAME\\BUAT VSCOD\\minggu_4\\vendor\\laravel\\framework\\src\\Illuminate\\Routing\\Router.php(885): Illuminate\\Routing\\Router::toResponse(Object(Illuminate\\Http\\Request), Object(Illuminate\\View\\View))
#14 D:\\KULIAHHHHZCZCZ\\SEMESTER 4\\PEMFRAME\\BUAT VSCOD\\minggu_4\\vendor\\laravel\\framework\\src\\Illuminate\\Routing\\Router.php(805): Illuminate\\Routing\\Router->prepareResponse(Object(Illuminate\\Http\\Request), Object(Illuminate\\View\\View))
#15 D:\\KULIAHHHHZCZCZ\\SEMESTER 4\\PEMFRAME\\BUAT VSCOD\\minggu_4\\vendor\\laravel\\framework\\src\\Illuminate\\Pipeline\\Pipeline.php(144): Illuminate\\Routing\\Router->Illuminate\\Routing\\{closure}(Object(Illuminate\\Http\\Request))
#16 D:\\KULIAHHHHZCZCZ\\SEMESTER 4\\PEMFRAME\\BUAT VSCOD\\minggu_4\\vendor\\laravel\\framework\\src\\Illuminate\\Routing\\Middleware\\SubstituteBindings.php(50): Illuminate\\Pipeline\\Pipeline->Illuminate\\Pipeline\\{closure}(Object(Illuminate\\Http\\Request))
#17 D:\\KULIAHHHHZCZCZ\\SEMESTER 4\\PEMFRAME\\BUAT VSCOD\\minggu_4\\vendor\\laravel\\framework\\src\\Illuminate\\Pipeline\\Pipeline.php(183): Illuminate\\Routing\\Middleware\\SubstituteBindings->handle(Object(Illuminate\\Http\\Request), Object(Closure))
#18 D:\\KULIAHHHHZCZCZ\\SEMESTER 4\\PEMFRAME\\BUAT VSCOD\\minggu_4\\vendor\\laravel\\framework\\src\\Illuminate\\Foundation\\Http\\Middleware\\VerifyCsrfToken.php(81): Illuminate\\Pipeline\\Pipeline->Illuminate\\Pipeline\\{closure}(Object(Illuminate\\Http\\Request))
#19 D:\\KULIAHHHHZCZCZ\\SEMESTER 4\\PEMFRAME\\BUAT VSCOD\\minggu_4\\vendor\\laravel\\framework\\src\\Illuminate\\Pipeline\\Pipeline.php(183): Illuminate\\Foundation\\Http\\Middleware\\VerifyCsrfToken->handle(Object(Illuminate\\Http\\Request), Object(Closure))
#20 D:\\KULIAHHHHZCZCZ\\SEMESTER 4\\PEMFRAME\\BUAT VSCOD\\minggu_4\\vendor\\laravel\\framework\\src\\Illuminate\\View\\Middleware\\ShareErrorsFromSession.php(49): Illuminate\\Pipeline\\Pipeline->Illuminate\\Pipeline\\{closure}(Object(Illuminate\\Http\\Request))
#21 D:\\KULIAHHHHZCZCZ\\SEMESTER 4\\PEMFRAME\\BUAT VSCOD\\minggu_4\\vendor\\laravel\\framework\\src\\Illuminate\\Pipeline\\Pipeline.php(183): Illuminate\\View\\Middleware\\ShareErrorsFromSession->handle(Object(Illuminate\\Http\\Request), Object(Closure))
#22 D:\\KULIAHHHHZCZCZ\\SEMESTER 4\\PEMFRAME\\BUAT VSCOD\\minggu_4\\vendor\\laravel\\framework\\src\\Illuminate\\Session\\Middleware\\StartSession.php(121): Illuminate\\Pipeline\\Pipeline->Illuminate\\Pipeline\\{closure}(Object(Illuminate\\Http\\Request))
#23 D:\\KULIAHHHHZCZCZ\\SEMESTER 4\\PEMFRAME\\BUAT VSCOD\\minggu_4\\vendor\\laravel\\framework\\src\\Illuminate\\Session\\Middleware\\StartSession.php(64): Illuminate\\Session\\Middleware\\StartSession->handleStatefulRequest(Object(Illuminate\\Http\\Request), Object(Illuminate\\Session\\Store), Object(Closure))
#24 D:\\KULIAHHHHZCZCZ\\SEMESTER 4\\PEMFRAME\\BUAT VSCOD\\minggu_4\\vendor\\laravel\\framework\\src\\Illuminate\\Pipeline\\Pipeline.php(183): Illuminate\\Session\\Middleware\\StartSession->handle(Object(Illuminate\\Http\\Request), Object(Closure))
#25 D:\\KULIAHHHHZCZCZ\\SEMESTER 4\\PEMFRAME\\BUAT VSCOD\\minggu_4\\vendor\\laravel\\framework\\src\\Illuminate\\Cookie\\Middleware\\AddQueuedCookiesToResponse.php(37): Illuminate\\Pipeline\\Pipeline->Illuminate\\Pipeline\\{closure}(Object(Illuminate\\Http\\Request))
#26 D:\\KULIAHHHHZCZCZ\\SEMESTER 4\\PEMFRAME\\BUAT VSCOD\\minggu_4\\vendor\\laravel\\framework\\src\\Illuminate\\Pipeline\\Pipeline.php(183): Illuminate\\Cookie\\Middleware\\AddQueuedCookiesToResponse->handle(Object(Illuminate\\Http\\Request), Object(Closure))
#27 D:\\KULIAHHHHZCZCZ\\SEMESTER 4\\PEMFRAME\\BUAT VSCOD\\minggu_4\\vendor\\laravel\\framework\\src\\Illuminate\\Cookie\\Middleware\\EncryptCookies.php(75): Illuminate\\Pipeline\\Pipeline->Illuminate\\Pipeline\\{closure}(Object(Illuminate\\Http\\Request))
#28 D:\\KULIAHHHHZCZCZ\\SEMESTER 4\\PEMFRAME\\BUAT VSCOD\\minggu_4\\vendor\\laravel\\framework\\src\\Illuminate\\Pipeline\\Pipeline.php(183): Illuminate\\Cookie\\Middleware\\EncryptCookies->handle(Object(Illuminate\\Http\\Request), Object(Closure))
#29 D:\\KULIAHHHHZCZCZ\\SEMESTER 4\\PEMFRAME\\BUAT VSCOD\\minggu_4\\vendor\\laravel\\framework\\src\\Illuminate\\Pipeline\\Pipeline.php(119): Illuminate\\Pipeline\\Pipeline->Illuminate\\Pipeline\\{closure}(Object(Illuminate\\Http\\Request))
#30 D:\\KULIAHHHHZCZCZ\\SEMESTER 4\\PEMFRAME\\BUAT VSCOD\\minggu_4\\vendor\\laravel\\framework\\src\\Illuminate\\Routing\\Router.php(805): Illuminate\\Pipeline\\Pipeline->then(Object(Closure))
#31 D:\\KULIAHHHHZCZCZ\\SEMESTER 4\\PEMFRAME\\BUAT VSCOD\\minggu_4\\vendor\\laravel\\framework\\src\\Illuminate\\Routing\\Router.php(784): Illuminate\\Routing\\Router->runRouteWithinStack(Object(Illuminate\\Routing\\Route), Object(Illuminate\\Http\\Request))
#32 D:\\KULIAHHHHZCZCZ\\SEMESTER 4\\PEMFRAME\\BUAT VSCOD\\minggu_4\\vendor\\laravel\\framework\\src\\Illuminate\\Routing\\Router.php(748): Illuminate\\Routing\\Router->runRoute(Object(Illuminate\\Http\\Request), Object(Illuminate\\Routing\\Route))
#33 D:\\KULIAHHHHZCZCZ\\SEMESTER 4\\PEMFRAME\\BUAT VSCOD\\minggu_4\\vendor\\laravel\\framework\\src\\Illuminate\\Routing\\Router.php(737): Illuminate\\Routing\\Router->dispatchToRoute(Object(Illuminate\\Http\\Request))
#34 D:\\KULIAHHHHZCZCZ\\SEMESTER 4\\PEMFRAME\\BUAT VSCOD\\minggu_4\\vendor\\laravel\\framework\\src\\Illuminate\\Foundation\\Http\\Kernel.php(200): Illuminate\\Routing\\Router->dispatch(Object(Illuminate\\Http\\Request))
#35 D:\\KULIAHHHHZCZCZ\\SEMESTER 4\\PEMFRAME\\BUAT VSCOD\\minggu_4\\vendor\\laravel\\framework\\src\\Illuminate\\Pipeline\\Pipeline.php(144): Illuminate\\Foundation\\Http\\Kernel->Illuminate\\Foundation\\Http\\{closure}(Object(Illuminate\\Http\\Request))
#36 D:\\KULIAHHHHZCZCZ\\SEMESTER 4\\PEMFRAME\\BUAT VSCOD\\minggu_4\\vendor\\laravel\\framework\\src\\Illuminate\\Foundation\\Http\\Middleware\\TransformsRequest.php(21): Illuminate\\Pipeline\\Pipeline->Illuminate\\Pipeline\\{closure}(Object(Illuminate\\Http\\Request))
#37 D:\\KULIAHHHHZCZCZ\\SEMESTER 4\\PEMFRAME\\BUAT VSCOD\\minggu_4\\vendor\\laravel\\framework\\src\\Illuminate\\Foundation\\Http\\Middleware\\ConvertEmptyStringsToNull.php(31): Illuminate\\Foundation\\Http\\Middleware\\TransformsRequest->handle(Object(Illuminate\\Http\\Request), Object(Closure))
#38 D:\\KULIAHHHHZCZCZ\\SEMESTER 4\\PEMFRAME\\BUAT VSCOD\\minggu_4\\vendor\\laravel\\framework\\src\\Illuminate\\Pipeline\\Pipeline.php(183): Illuminate\\Foundation\\Http\\Middleware\\ConvertEmptyStringsToNull->handle(Object(Illuminate\\Http\\Request), Object(Closure))
#39 D:\\KULIAHHHHZCZCZ\\SEMESTER 4\\PEMFRAME\\BUAT VSCOD\\minggu_4\\vendor\\laravel\\framework\\src\\Illuminate\\Foundation\\Http\\Middleware\\TransformsRequest.php(21): Illuminate\\Pipeline\\Pipeline->Illuminate\\Pipeline\\{closure}(Object(Illuminate\\Http\\Request))
#40 D:\\KULIAHHHHZCZCZ\\SEMESTER 4\\PEMFRAME\\BUAT VSCOD\\minggu_4\\vendor\\laravel\\framework\\src\\Illuminate\\Foundation\\Http\\Middleware\\TrimStrings.php(50): Illuminate\\Foundation\\Http\\Middleware\\TransformsRequest->handle(Object(Illuminate\\Http\\Request), Object(Closure))
#41 D:\\KULIAHHHHZCZCZ\\SEMESTER 4\\PEMFRAME\\BUAT VSCOD\\minggu_4\\vendor\\laravel\\framework\\src\\Illuminate\\Pipeline\\Pipeline.php(183): Illuminate\\Foundation\\Http\\Middleware\\TrimStrings->handle(Object(Illuminate\\Http\\Request), Object(Closure))
#42 D:\\KULIAHHHHZCZCZ\\SEMESTER 4\\PEMFRAME\\BUAT VSCOD\\minggu_4\\vendor\\laravel\\framework\\src\\Illuminate\\Http\\Middleware\\ValidatePostSize.php(27): Illuminate\\Pipeline\\Pipeline->Illuminate\\Pipeline\\{closure}(Object(Illuminate\\Http\\Request))
#43 D:\\KULIAHHHHZCZCZ\\SEMESTER 4\\PEMFRAME\\BUAT VSCOD\\minggu_4\\vendor\\laravel\\framework\\src\\Illuminate\\Pipeline\\Pipeline.php(183): Illuminate\\Http\\Middleware\\ValidatePostSize->handle(Object(Illuminate\\Http\\Request), Object(Closure))
#44 D:\\KULIAHHHHZCZCZ\\SEMESTER 4\\PEMFRAME\\BUAT VSCOD\\minggu_4\\vendor\\laravel\\framework\\src\\Illuminate\\Foundation\\Http\\Middleware\\PreventRequestsDuringMaintenance.php(103): Illuminate\\Pipeline\\Pipeline->Illuminate\\Pipeline\\{closure}(Object(Illuminate\\Http\\Request))
#45 D:\\KULIAHHHHZCZCZ\\SEMESTER 4\\PEMFRAME\\BUAT VSCOD\\minggu_4\\vendor\\laravel\\framework\\src\\Illuminate\\Pipeline\\Pipeline.php(183): Illuminate\\Foundation\\Http\\Middleware\\PreventRequestsDuringMaintenance->handle(Object(Illuminate\\Http\\Request), Object(Closure))
#46 D:\\KULIAHHHHZCZCZ\\SEMESTER 4\\PEMFRAME\\BUAT VSCOD\\minggu_4\\vendor\\laravel\\framework\\src\\Illuminate\\Http\\Middleware\\HandleCors.php(49): Illuminate\\Pipeline\\Pipeline->Illuminate\\Pipeline\\{closure}(Object(Illuminate\\Http\\Request))
#47 D:\\KULIAHHHHZCZCZ\\SEMESTER 4\\PEMFRAME\\BUAT VSCOD\\minggu_4\\vendor\\laravel\\framework\\src\\Illuminate\\Pipeline\\Pipeline.php(183): Illuminate\\Http\\Middleware\\HandleCors->handle(Object(Illuminate\\Http\\Request), Object(Closure))
#48 D:\\KULIAHHHHZCZCZ\\SEMESTER 4\\PEMFRAME\\BUAT VSCOD\\minggu_4\\vendor\\laravel\\framework\\src\\Illuminate\\Http\\Middleware\\TrustProxies.php(57): Illuminate\\Pipeline\\Pipeline->Illuminate\\Pipeline\\{closure}(Object(Illuminate\\Http\\Request))
#49 D:\\KULIAHHHHZCZCZ\\SEMESTER 4\\PEMFRAME\\BUAT VSCOD\\minggu_4\\vendor\\laravel\\framework\\src\\Illuminate\\Pipeline\\Pipeline.php(183): Illuminate\\Http\\Middleware\\TrustProxies->handle(Object(Illuminate\\Http\\Request), Object(Closure))
#50 D:\\KULIAHHHHZCZCZ\\SEMESTER 4\\PEMFRAME\\BUAT VSCOD\\minggu_4\\vendor\\laravel\\framework\\src\\Illuminate\\Pipeline\\Pipeline.php(119): Illuminate\\Pipeline\\Pipeline->Illuminate\\Pipeline\\{closure}(Object(Illuminate\\Http\\Request))
#51 D:\\KULIAHHHHZCZCZ\\SEMESTER 4\\PEMFRAME\\BUAT VSCOD\\minggu_4\\vendor\\laravel\\framework\\src\\Illuminate\\Foundation\\Http\\Kernel.php(175): Illuminate\\Pipeline\\Pipeline->then(Object(Closure))
#52 D:\\KULIAHHHHZCZCZ\\SEMESTER 4\\PEMFRAME\\BUAT VSCOD\\minggu_4\\vendor\\laravel\\framework\\src\\Illuminate\\Foundation\\Http\\Kernel.php(144): Illuminate\\Foundation\\Http\\Kernel->sendRequestThroughRouter(Object(Illuminate\\Http\\Request))
#53 D:\\KULIAHHHHZCZCZ\\SEMESTER 4\\PEMFRAME\\BUAT VSCOD\\minggu_4\\vendor\\laravel\\framework\\src\\Illuminate\\Foundation\\Application.php(1168): Illuminate\\Foundation\\Http\\Kernel->handle(Object(Illuminate\\Http\\Request))
#54 D:\\KULIAHHHHZCZCZ\\SEMESTER 4\\PEMFRAME\\BUAT VSCOD\\minggu_4\\public\\index.php(17): Illuminate\\Foundation\\Application->handleRequest(Object(Illuminate\\Http\\Request))
#55 D:\\KULIAHHHHZCZCZ\\SEMESTER 4\\PEMFRAME\\BUAT VSCOD\\minggu_4\\vendor\\laravel\\framework\\src\\Illuminate\\Foundation\\resources\\server.php(16): require_once('D:\\\\KULIAHHHHZCZ...')
#56 {main}

[previous exception] [object] (Exception(code: 0): Unable to locate file in Vite manifest: resources/images/main.svg. at D:\\KULIAHHHHZCZCZ\\SEMESTER 4\\PEMFRAME\\BUAT VSCOD\\minggu_4\\vendor\\laravel\\framework\\src\\Illuminate\\Foundation\\Vite.php:781)
[stacktrace]
#0 D:\\KULIAHHHHZCZCZ\\SEMESTER 4\\PEMFRAME\\BUAT VSCOD\\minggu_4\\vendor\\laravel\\framework\\src\\Illuminate\\Foundation\\Vite.php(673): Illuminate\\Foundation\\Vite->chunk(Array, 'resources/image...')
#1 D:\\KULIAHHHHZCZCZ\\SEMESTER 4\\PEMFRAME\\BUAT VSCOD\\minggu_4\\vendor\\laravel\\framework\\src\\Illuminate\\Support\\Facades\\Facade.php(357): Illuminate\\Foundation\\Vite->asset('resources/image...')
#2 D:\\KULIAHHHHZCZCZ\\SEMESTER 4\\PEMFRAME\\BUAT VSCOD\\minggu_4\\storage\\framework\\views\\f6171ce1734c73e21776f9b7d30c3f69.php(13): Illuminate\\Support\\Facades\\Facade::__callStatic('asset', Array)
#3 D:\\KULIAHHHHZCZCZ\\SEMESTER 4\\PEMFRAME\\BUAT VSCOD\\minggu_4\\vendor\\laravel\\framework\\src\\Illuminate\\Filesystem\\Filesystem.php(123): require('D:\\\\KULIAHHHHZCZ...')
#4 D:\\KULIAHHHHZCZCZ\\SEMESTER 4\\PEMFRAME\\BUAT VSCOD\\minggu_4\\vendor\\laravel\\framework\\src\\Illuminate\\Filesystem\\Filesystem.php(124): Illuminate\\Filesystem\\Filesystem::Illuminate\\Filesystem\\{closure}()
#5 D:\\KULIAHHHHZCZCZ\\SEMESTER 4\\PEMFRAME\\BUAT VSCOD\\minggu_4\\vendor\\laravel\\framework\\src\\Illuminate\\View\\Engines\\PhpEngine.php(58): Illuminate\\Filesystem\\Filesystem->getRequire('D:\\\\KULIAHHHHZCZ...', Array)
#6 D:\\KULIAHHHHZCZCZ\\SEMESTER 4\\PEMFRAME\\BUAT VSCOD\\minggu_4\\vendor\\laravel\\framework\\src\\Illuminate\\View\\Engines\\CompilerEngine.php(73): Illuminate\\View\\Engines\\PhpEngine->evaluatePath('D:\\\\KULIAHHHHZCZ...', Array)
#7 D:\\KULIAHHHHZCZCZ\\SEMESTER 4\\PEMFRAME\\BUAT VSCOD\\minggu_4\\vendor\\laravel\\framework\\src\\Illuminate\\View\\View.php(208): Illuminate\\View\\Engines\\CompilerEngine->get('D:\\\\KULIAHHHHZCZ...', Array)
#8 D:\\KULIAHHHHZCZCZ\\SEMESTER 4\\PEMFRAME\\BUAT VSCOD\\minggu_4\\vendor\\laravel\\framework\\src\\Illuminate\\View\\View.php(191): Illuminate\\View\\View->getContents()
#9 D:\\KULIAHHHHZCZCZ\\SEMESTER 4\\PEMFRAME\\BUAT VSCOD\\minggu_4\\vendor\\laravel\\framework\\src\\Illuminate\\View\\View.php(160): Illuminate\\View\\View->renderContents()
#10 D:\\KULIAHHHHZCZCZ\\SEMESTER 4\\PEMFRAME\\BUAT VSCOD\\minggu_4\\vendor\\laravel\\framework\\src\\Illuminate\\Http\\Response.php(70): Illuminate\\View\\View->render()
#11 D:\\KULIAHHHHZCZCZ\\SEMESTER 4\\PEMFRAME\\BUAT VSCOD\\minggu_4\\vendor\\laravel\\framework\\src\\Illuminate\\Http\\Response.php(35): Illuminate\\Http\\Response->setContent(Object(Illuminate\\View\\View))
#12 D:\\KULIAHHHHZCZCZ\\SEMESTER 4\\PEMFRAME\\BUAT VSCOD\\minggu_4\\vendor\\laravel\\framework\\src\\Illuminate\\Routing\\Router.php(918): Illuminate\\Http\\Response->__construct(Object(Illuminate\\View\\View), 200, Array)
#13 D:\\KULIAHHHHZCZCZ\\SEMESTER 4\\PEMFRAME\\BUAT VSCOD\\minggu_4\\vendor\\laravel\\framework\\src\\Illuminate\\Routing\\Router.php(885): Illuminate\\Routing\\Router::toResponse(Object(Illuminate\\Http\\Request), Object(Illuminate\\View\\View))
#14 D:\\KULIAHHHHZCZCZ\\SEMESTER 4\\PEMFRAME\\BUAT VSCOD\\minggu_4\\vendor\\laravel\\framework\\src\\Illuminate\\Routing\\Router.php(805): Illuminate\\Routing\\Router->prepareResponse(Object(Illuminate\\Http\\Request), Object(Illuminate\\View\\View))
#15 D:\\KULIAHHHHZCZCZ\\SEMESTER 4\\PEMFRAME\\BUAT VSCOD\\minggu_4\\vendor\\laravel\\framework\\src\\Illuminate\\Pipeline\\Pipeline.php(144): Illuminate\\Routing\\Router->Illuminate\\Routing\\{closure}(Object(Illuminate\\Http\\Request))
#16 D:\\KULIAHHHHZCZCZ\\SEMESTER 4\\PEMFRAME\\BUAT VSCOD\\minggu_4\\vendor\\laravel\\framework\\src\\Illuminate\\Routing\\Middleware\\SubstituteBindings.php(50): Illuminate\\Pipeline\\Pipeline->Illuminate\\Pipeline\\{closure}(Object(Illuminate\\Http\\Request))
#17 D:\\KULIAHHHHZCZCZ\\SEMESTER 4\\PEMFRAME\\BUAT VSCOD\\minggu_4\\vendor\\laravel\\framework\\src\\Illuminate\\Pipeline\\Pipeline.php(183): Illuminate\\Routing\\Middleware\\SubstituteBindings->handle(Object(Illuminate\\Http\\Request), Object(Closure))
#18 D:\\KULIAHHHHZCZCZ\\SEMESTER 4\\PEMFRAME\\BUAT VSCOD\\minggu_4\\vendor\\laravel\\framework\\src\\Illuminate\\Foundation\\Http\\Middleware\\VerifyCsrfToken.php(81): Illuminate\\Pipeline\\Pipeline->Illuminate\\Pipeline\\{closure}(Object(Illuminate\\Http\\Request))
#19 D:\\KULIAHHHHZCZCZ\\SEMESTER 4\\PEMFRAME\\BUAT VSCOD\\minggu_4\\vendor\\laravel\\framework\\src\\Illuminate\\Pipeline\\Pipeline.php(183): Illuminate\\Foundation\\Http\\Middleware\\VerifyCsrfToken->handle(Object(Illuminate\\Http\\Request), Object(Closure))
#20 D:\\KULIAHHHHZCZCZ\\SEMESTER 4\\PEMFRAME\\BUAT VSCOD\\minggu_4\\vendor\\laravel\\framework\\src\\Illuminate\\View\\Middleware\\ShareErrorsFromSession.php(49): Illuminate\\Pipeline\\Pipeline->Illuminate\\Pipeline\\{closure}(Object(Illuminate\\Http\\Request))
#21 D:\\KULIAHHHHZCZCZ\\SEMESTER 4\\PEMFRAME\\BUAT VSCOD\\minggu_4\\vendor\\laravel\\framework\\src\\Illuminate\\Pipeline\\Pipeline.php(183): Illuminate\\View\\Middleware\\ShareErrorsFromSession->handle(Object(Illuminate\\Http\\Request), Object(Closure))
#22 D:\\KULIAHHHHZCZCZ\\SEMESTER 4\\PEMFRAME\\BUAT VSCOD\\minggu_4\\vendor\\laravel\\framework\\src\\Illuminate\\Session\\Middleware\\StartSession.php(121): Illuminate\\Pipeline\\Pipeline->Illuminate\\Pipeline\\{closure}(Object(Illuminate\\Http\\Request))
#23 D:\\KULIAHHHHZCZCZ\\SEMESTER 4\\PEMFRAME\\BUAT VSCOD\\minggu_4\\vendor\\laravel\\framework\\src\\Illuminate\\Session\\Middleware\\StartSession.php(64): Illuminate\\Session\\Middleware\\StartSession->handleStatefulRequest(Object(Illuminate\\Http\\Request), Object(Illuminate\\Session\\Store), Object(Closure))
#24 D:\\KULIAHHHHZCZCZ\\SEMESTER 4\\PEMFRAME\\BUAT VSCOD\\minggu_4\\vendor\\laravel\\framework\\src\\Illuminate\\Pipeline\\Pipeline.php(183): Illuminate\\Session\\Middleware\\StartSession->handle(Object(Illuminate\\Http\\Request), Object(Closure))
#25 D:\\KULIAHHHHZCZCZ\\SEMESTER 4\\PEMFRAME\\BUAT VSCOD\\minggu_4\\vendor\\laravel\\framework\\src\\Illuminate\\Cookie\\Middleware\\AddQueuedCookiesToResponse.php(37): Illuminate\\Pipeline\\Pipeline->Illuminate\\Pipeline\\{closure}(Object(Illuminate\\Http\\Request))
#26 D:\\KULIAHHHHZCZCZ\\SEMESTER 4\\PEMFRAME\\BUAT VSCOD\\minggu_4\\vendor\\laravel\\framework\\src\\Illuminate\\Pipeline\\Pipeline.php(183): Illuminate\\Cookie\\Middleware\\AddQueuedCookiesToResponse->handle(Object(Illuminate\\Http\\Request), Object(Closure))
#27 D:\\KULIAHHHHZCZCZ\\SEMESTER 4\\PEMFRAME\\BUAT VSCOD\\minggu_4\\vendor\\laravel\\framework\\src\\Illuminate\\Cookie\\Middleware\\EncryptCookies.php(75): Illuminate\\Pipeline\\Pipeline->Illuminate\\Pipeline\\{closure}(Object(Illuminate\\Http\\Request))
#28 D:\\KULIAHHHHZCZCZ\\SEMESTER 4\\PEMFRAME\\BUAT VSCOD\\minggu_4\\vendor\\laravel\\framework\\src\\Illuminate\\Pipeline\\Pipeline.php(183): Illuminate\\Cookie\\Middleware\\EncryptCookies->handle(Object(Illuminate\\Http\\Request), Object(Closure))
#29 D:\\KULIAHHHHZCZCZ\\SEMESTER 4\\PEMFRAME\\BUAT VSCOD\\minggu_4\\vendor\\laravel\\framework\\src\\Illuminate\\Pipeline\\Pipeline.php(119): Illuminate\\Pipeline\\Pipeline->Illuminate\\Pipeline\\{closure}(Object(Illuminate\\Http\\Request))
#30 D:\\KULIAHHHHZCZCZ\\SEMESTER 4\\PEMFRAME\\BUAT VSCOD\\minggu_4\\vendor\\laravel\\framework\\src\\Illuminate\\Routing\\Router.php(805): Illuminate\\Pipeline\\Pipeline->then(Object(Closure))
#31 D:\\KULIAHHHHZCZCZ\\SEMESTER 4\\PEMFRAME\\BUAT VSCOD\\minggu_4\\vendor\\laravel\\framework\\src\\Illuminate\\Routing\\Router.php(784): Illuminate\\Routing\\Router->runRouteWithinStack(Object(Illuminate\\Routing\\Route), Object(Illuminate\\Http\\Request))
#32 D:\\KULIAHHHHZCZCZ\\SEMESTER 4\\PEMFRAME\\BUAT VSCOD\\minggu_4\\vendor\\laravel\\framework\\src\\Illuminate\\Routing\\Router.php(748): Illuminate\\Routing\\Router->runRoute(Object(Illuminate\\Http\\Request), Object(Illuminate\\Routing\\Route))
#33 D:\\KULIAHHHHZCZCZ\\SEMESTER 4\\PEMFRAME\\BUAT VSCOD\\minggu_4\\vendor\\laravel\\framework\\src\\Illuminate\\Routing\\Router.php(737): Illuminate\\Routing\\Router->dispatchToRoute(Object(Illuminate\\Http\\Request))
#34 D:\\KULIAHHHHZCZCZ\\SEMESTER 4\\PEMFRAME\\BUAT VSCOD\\minggu_4\\vendor\\laravel\\framework\\src\\Illuminate\\Foundation\\Http\\Kernel.php(200): Illuminate\\Routing\\Router->dispatch(Object(Illuminate\\Http\\Request))
#35 D:\\KULIAHHHHZCZCZ\\SEMESTER 4\\PEMFRAME\\BUAT VSCOD\\minggu_4\\vendor\\laravel\\framework\\src\\Illuminate\\Pipeline\\Pipeline.php(144): Illuminate\\Foundation\\Http\\Kernel->Illuminate\\Foundation\\Http\\{closure}(Object(Illuminate\\Http\\Request))
#36 D:\\KULIAHHHHZCZCZ\\SEMESTER 4\\PEMFRAME\\BUAT VSCOD\\minggu_4\\vendor\\laravel\\framework\\src\\Illuminate\\Foundation\\Http\\Middleware\\TransformsRequest.php(21): Illuminate\\Pipeline\\Pipeline->Illuminate\\Pipeline\\{closure}(Object(Illuminate\\Http\\Request))
#37 D:\\KULIAHHHHZCZCZ\\SEMESTER 4\\PEMFRAME\\BUAT VSCOD\\minggu_4\\vendor\\laravel\\framework\\src\\Illuminate\\Foundation\\Http\\Middleware\\ConvertEmptyStringsToNull.php(31): Illuminate\\Foundation\\Http\\Middleware\\TransformsRequest->handle(Object(Illuminate\\Http\\Request), Object(Closure))
#38 D:\\KULIAHHHHZCZCZ\\SEMESTER 4\\PEMFRAME\\BUAT VSCOD\\minggu_4\\vendor\\laravel\\framework\\src\\Illuminate\\Pipeline\\Pipeline.php(183): Illuminate\\Foundation\\Http\\Middleware\\ConvertEmptyStringsToNull->handle(Object(Illuminate\\Http\\Request), Object(Closure))
#39 D:\\KULIAHHHHZCZCZ\\SEMESTER 4\\PEMFRAME\\BUAT VSCOD\\minggu_4\\vendor\\laravel\\framework\\src\\Illuminate\\Foundation\\Http\\Middleware\\TransformsRequest.php(21): Illuminate\\Pipeline\\Pipeline->Illuminate\\Pipeline\\{closure}(Object(Illuminate\\Http\\Request))
#40 D:\\KULIAHHHHZCZCZ\\SEMESTER 4\\PEMFRAME\\BUAT VSCOD\\minggu_4\\vendor\\laravel\\framework\\src\\Illuminate\\Foundation\\Http\\Middleware\\TrimStrings.php(50): Illuminate\\Foundation\\Http\\Middleware\\TransformsRequest->handle(Object(Illuminate\\Http\\Request), Object(Closure))
#41 D:\\KULIAHHHHZCZCZ\\SEMESTER 4\\PEMFRAME\\BUAT VSCOD\\minggu_4\\vendor\\laravel\\framework\\src\\Illuminate\\Pipeline\\Pipeline.php(183): Illuminate\\Foundation\\Http\\Middleware\\TrimStrings->handle(Object(Illuminate\\Http\\Request), Object(Closure))
#42 D:\\KULIAHHHHZCZCZ\\SEMESTER 4\\PEMFRAME\\BUAT VSCOD\\minggu_4\\vendor\\laravel\\framework\\src\\Illuminate\\Http\\Middleware\\ValidatePostSize.php(27): Illuminate\\Pipeline\\Pipeline->Illuminate\\Pipeline\\{closure}(Object(Illuminate\\Http\\Request))
#43 D:\\KULIAHHHHZCZCZ\\SEMESTER 4\\PEMFRAME\\BUAT VSCOD\\minggu_4\\vendor\\laravel\\framework\\src\\Illuminate\\Pipeline\\Pipeline.php(183): Illuminate\\Http\\Middleware\\ValidatePostSize->handle(Object(Illuminate\\Http\\Request), Object(Closure))
#44 D:\\KULIAHHHHZCZCZ\\SEMESTER 4\\PEMFRAME\\BUAT VSCOD\\minggu_4\\vendor\\laravel\\framework\\src\\Illuminate\\Foundation\\Http\\Middleware\\PreventRequestsDuringMaintenance.php(103): Illuminate\\Pipeline\\Pipeline->Illuminate\\Pipeline\\{closure}(Object(Illuminate\\Http\\Request))
#45 D:\\KULIAHHHHZCZCZ\\SEMESTER 4\\PEMFRAME\\BUAT VSCOD\\minggu_4\\vendor\\laravel\\framework\\src\\Illuminate\\Pipeline\\Pipeline.php(183): Illuminate\\Foundation\\Http\\Middleware\\PreventRequestsDuringMaintenance->handle(Object(Illuminate\\Http\\Request), Object(Closure))
#46 D:\\KULIAHHHHZCZCZ\\SEMESTER 4\\PEMFRAME\\BUAT VSCOD\\minggu_4\\vendor\\laravel\\framework\\src\\Illuminate\\Http\\Middleware\\HandleCors.php(49): Illuminate\\Pipeline\\Pipeline->Illuminate\\Pipeline\\{closure}(Object(Illuminate\\Http\\Request))
#47 D:\\KULIAHHHHZCZCZ\\SEMESTER 4\\PEMFRAME\\BUAT VSCOD\\minggu_4\\vendor\\laravel\\framework\\src\\Illuminate\\Pipeline\\Pipeline.php(183): Illuminate\\Http\\Middleware\\HandleCors->handle(Object(Illuminate\\Http\\Request), Object(Closure))
#48 D:\\KULIAHHHHZCZCZ\\SEMESTER 4\\PEMFRAME\\BUAT VSCOD\\minggu_4\\vendor\\laravel\\framework\\src\\Illuminate\\Http\\Middleware\\TrustProxies.php(57): Illuminate\\Pipeline\\Pipeline->Illuminate\\Pipeline\\{closure}(Object(Illuminate\\Http\\Request))
#49 D:\\KULIAHHHHZCZCZ\\SEMESTER 4\\PEMFRAME\\BUAT VSCOD\\minggu_4\\vendor\\laravel\\framework\\src\\Illuminate\\Pipeline\\Pipeline.php(183): Illuminate\\Http\\Middleware\\TrustProxies->handle(Object(Illuminate\\Http\\Request), Object(Closure))
#50 D:\\KULIAHHHHZCZCZ\\SEMESTER 4\\PEMFRAME\\BUAT VSCOD\\minggu_4\\vendor\\laravel\\framework\\src\\Illuminate\\Pipeline\\Pipeline.php(119): Illuminate\\Pipeline\\Pipeline->Illuminate\\Pipeline\\{closure}(Object(Illuminate\\Http\\Request))
#51 D:\\KULIAHHHHZCZCZ\\SEMESTER 4\\PEMFRAME\\BUAT VSCOD\\minggu_4\\vendor\\laravel\\framework\\src\\Illuminate\\Foundation\\Http\\Kernel.php(175): Illuminate\\Pipeline\\Pipeline->then(Object(Closure))
#52 D:\\KULIAHHHHZCZCZ\\SEMESTER 4\\PEMFRAME\\BUAT VSCOD\\minggu_4\\vendor\\laravel\\framework\\src\\Illuminate\\Foundation\\Http\\Kernel.php(144): Illuminate\\Foundation\\Http\\Kernel->sendRequestThroughRouter(Object(Illuminate\\Http\\Request))
#53 D:\\KULIAHHHHZCZCZ\\SEMESTER 4\\PEMFRAME\\BUAT VSCOD\\minggu_4\\vendor\\laravel\\framework\\src\\Illuminate\\Foundation\\Application.php(1168): Illuminate\\Foundation\\Http\\Kernel->handle(Object(Illuminate\\Http\\Request))
#54 D:\\KULIAHHHHZCZCZ\\SEMESTER 4\\PEMFRAME\\BUAT VSCOD\\minggu_4\\public\\index.php(17): Illuminate\\Foundation\\Application->handleRequest(Object(Illuminate\\Http\\Request))
#55 D:\\KULIAHHHHZCZCZ\\SEMESTER 4\\PEMFRAME\\BUAT VSCOD\\minggu_4\\vendor\\laravel\\framework\\src\\Illuminate\\Foundation\\resources\\server.php(16): require_once('D:\\\\KULIAHHHHZCZ...')
#56 {main}
"} 
[2024-03-23 01:30:25] local.ERROR: Unable to locate file in Vite manifest: resources/images/coba.jpg. {"view":{"view":"D:\\KULIAHHHHZCZCZ\\SEMESTER 4\\PEMFRAME\\BUAT VSCOD\\minggu_4\\resources\\views\\welcome.blade.php","data":{"errors":"<pre class=sf-dump id=sf-dump-1302264734 data-indent-pad=\"  \"><span class=sf-dump-note>Illuminate\\Support\\ViewErrorBag</span> {<a class=sf-dump-ref>#290</a><samp data-depth=1 class=sf-dump-expanded>
  #<span class=sf-dump-protected title=\"Protected property\">bags</span>: []
</samp>}
</pre><script>Sfdump(\"sf-dump-1302264734\", {\"maxDepth\":3,\"maxStringLength\":160})</script>
"}},"exception":"[object] (Spatie\\LaravelIgnition\\Exceptions\\ViewException(code: 0): Unable to locate file in Vite manifest: resources/images/coba.jpg. at D:\\KULIAHHHHZCZCZ\\SEMESTER 4\\PEMFRAME\\BUAT VSCOD\\minggu_4\\vendor\\laravel\\framework\\src\\Illuminate\\Foundation\\Vite.php:781)
[stacktrace]
#0 D:\\KULIAHHHHZCZCZ\\SEMESTER 4\\PEMFRAME\\BUAT VSCOD\\minggu_4\\vendor\\laravel\\framework\\src\\Illuminate\\Foundation\\Vite.php(673): Illuminate\\Foundation\\Vite->chunk(Array, 'resources/image...')
#1 D:\\KULIAHHHHZCZCZ\\SEMESTER 4\\PEMFRAME\\BUAT VSCOD\\minggu_4\\vendor\\laravel\\framework\\src\\Illuminate\\Support\\Facades\\Facade.php(357): Illuminate\\Foundation\\Vite->asset('resources/image...')
#2 D:\\KULIAHHHHZCZCZ\\SEMESTER 4\\PEMFRAME\\BUAT VSCOD\\minggu_4\\resources\\views\\welcome.blade.php(13): Illuminate\\Support\\Facades\\Facade::__callStatic('asset', Array)
#3 D:\\KULIAHHHHZCZCZ\\SEMESTER 4\\PEMFRAME\\BUAT VSCOD\\minggu_4\\vendor\\laravel\\framework\\src\\Illuminate\\Filesystem\\Filesystem.php(123): require('D:\\\\KULIAHHHHZCZ...')
#4 D:\\KULIAHHHHZCZCZ\\SEMESTER 4\\PEMFRAME\\BUAT VSCOD\\minggu_4\\vendor\\laravel\\framework\\src\\Illuminate\\Filesystem\\Filesystem.php(124): Illuminate\\Filesystem\\Filesystem::Illuminate\\Filesystem\\{closure}()
#5 D:\\KULIAHHHHZCZCZ\\SEMESTER 4\\PEMFRAME\\BUAT VSCOD\\minggu_4\\vendor\\laravel\\framework\\src\\Illuminate\\View\\Engines\\PhpEngine.php(58): Illuminate\\Filesystem\\Filesystem->getRequire('D:\\\\KULIAHHHHZCZ...', Array)
#6 D:\\KULIAHHHHZCZCZ\\SEMESTER 4\\PEMFRAME\\BUAT VSCOD\\minggu_4\\vendor\\laravel\\framework\\src\\Illuminate\\View\\Engines\\CompilerEngine.php(73): Illuminate\\View\\Engines\\PhpEngine->evaluatePath('D:\\\\KULIAHHHHZCZ...', Array)
#7 D:\\KULIAHHHHZCZCZ\\SEMESTER 4\\PEMFRAME\\BUAT VSCOD\\minggu_4\\vendor\\laravel\\framework\\src\\Illuminate\\View\\View.php(208): Illuminate\\View\\Engines\\CompilerEngine->get('D:\\\\KULIAHHHHZCZ...', Array)
#8 D:\\KULIAHHHHZCZCZ\\SEMESTER 4\\PEMFRAME\\BUAT VSCOD\\minggu_4\\vendor\\laravel\\framework\\src\\Illuminate\\View\\View.php(191): Illuminate\\View\\View->getContents()
#9 D:\\KULIAHHHHZCZCZ\\SEMESTER 4\\PEMFRAME\\BUAT VSCOD\\minggu_4\\vendor\\laravel\\framework\\src\\Illuminate\\View\\View.php(160): Illuminate\\View\\View->renderContents()
#10 D:\\KULIAHHHHZCZCZ\\SEMESTER 4\\PEMFRAME\\BUAT VSCOD\\minggu_4\\vendor\\laravel\\framework\\src\\Illuminate\\Http\\Response.php(70): Illuminate\\View\\View->render()
#11 D:\\KULIAHHHHZCZCZ\\SEMESTER 4\\PEMFRAME\\BUAT VSCOD\\minggu_4\\vendor\\laravel\\framework\\src\\Illuminate\\Http\\Response.php(35): Illuminate\\Http\\Response->setContent(Object(Illuminate\\View\\View))
#12 D:\\KULIAHHHHZCZCZ\\SEMESTER 4\\PEMFRAME\\BUAT VSCOD\\minggu_4\\vendor\\laravel\\framework\\src\\Illuminate\\Routing\\Router.php(918): Illuminate\\Http\\Response->__construct(Object(Illuminate\\View\\View), 200, Array)
#13 D:\\KULIAHHHHZCZCZ\\SEMESTER 4\\PEMFRAME\\BUAT VSCOD\\minggu_4\\vendor\\laravel\\framework\\src\\Illuminate\\Routing\\Router.php(885): Illuminate\\Routing\\Router::toResponse(Object(Illuminate\\Http\\Request), Object(Illuminate\\View\\View))
#14 D:\\KULIAHHHHZCZCZ\\SEMESTER 4\\PEMFRAME\\BUAT VSCOD\\minggu_4\\vendor\\laravel\\framework\\src\\Illuminate\\Routing\\Router.php(805): Illuminate\\Routing\\Router->prepareResponse(Object(Illuminate\\Http\\Request), Object(Illuminate\\View\\View))
#15 D:\\KULIAHHHHZCZCZ\\SEMESTER 4\\PEMFRAME\\BUAT VSCOD\\minggu_4\\vendor\\laravel\\framework\\src\\Illuminate\\Pipeline\\Pipeline.php(144): Illuminate\\Routing\\Router->Illuminate\\Routing\\{closure}(Object(Illuminate\\Http\\Request))
#16 D:\\KULIAHHHHZCZCZ\\SEMESTER 4\\PEMFRAME\\BUAT VSCOD\\minggu_4\\vendor\\laravel\\framework\\src\\Illuminate\\Routing\\Middleware\\SubstituteBindings.php(50): Illuminate\\Pipeline\\Pipeline->Illuminate\\Pipeline\\{closure}(Object(Illuminate\\Http\\Request))
#17 D:\\KULIAHHHHZCZCZ\\SEMESTER 4\\PEMFRAME\\BUAT VSCOD\\minggu_4\\vendor\\laravel\\framework\\src\\Illuminate\\Pipeline\\Pipeline.php(183): Illuminate\\Routing\\Middleware\\SubstituteBindings->handle(Object(Illuminate\\Http\\Request), Object(Closure))
#18 D:\\KULIAHHHHZCZCZ\\SEMESTER 4\\PEMFRAME\\BUAT VSCOD\\minggu_4\\vendor\\laravel\\framework\\src\\Illuminate\\Foundation\\Http\\Middleware\\VerifyCsrfToken.php(81): Illuminate\\Pipeline\\Pipeline->Illuminate\\Pipeline\\{closure}(Object(Illuminate\\Http\\Request))
#19 D:\\KULIAHHHHZCZCZ\\SEMESTER 4\\PEMFRAME\\BUAT VSCOD\\minggu_4\\vendor\\laravel\\framework\\src\\Illuminate\\Pipeline\\Pipeline.php(183): Illuminate\\Foundation\\Http\\Middleware\\VerifyCsrfToken->handle(Object(Illuminate\\Http\\Request), Object(Closure))
#20 D:\\KULIAHHHHZCZCZ\\SEMESTER 4\\PEMFRAME\\BUAT VSCOD\\minggu_4\\vendor\\laravel\\framework\\src\\Illuminate\\View\\Middleware\\ShareErrorsFromSession.php(49): Illuminate\\Pipeline\\Pipeline->Illuminate\\Pipeline\\{closure}(Object(Illuminate\\Http\\Request))
#21 D:\\KULIAHHHHZCZCZ\\SEMESTER 4\\PEMFRAME\\BUAT VSCOD\\minggu_4\\vendor\\laravel\\framework\\src\\Illuminate\\Pipeline\\Pipeline.php(183): Illuminate\\View\\Middleware\\ShareErrorsFromSession->handle(Object(Illuminate\\Http\\Request), Object(Closure))
#22 D:\\KULIAHHHHZCZCZ\\SEMESTER 4\\PEMFRAME\\BUAT VSCOD\\minggu_4\\vendor\\laravel\\framework\\src\\Illuminate\\Session\\Middleware\\StartSession.php(121): Illuminate\\Pipeline\\Pipeline->Illuminate\\Pipeline\\{closure}(Object(Illuminate\\Http\\Request))
#23 D:\\KULIAHHHHZCZCZ\\SEMESTER 4\\PEMFRAME\\BUAT VSCOD\\minggu_4\\vendor\\laravel\\framework\\src\\Illuminate\\Session\\Middleware\\StartSession.php(64): Illuminate\\Session\\Middleware\\StartSession->handleStatefulRequest(Object(Illuminate\\Http\\Request), Object(Illuminate\\Session\\Store), Object(Closure))
#24 D:\\KULIAHHHHZCZCZ\\SEMESTER 4\\PEMFRAME\\BUAT VSCOD\\minggu_4\\vendor\\laravel\\framework\\src\\Illuminate\\Pipeline\\Pipeline.php(183): Illuminate\\Session\\Middleware\\StartSession->handle(Object(Illuminate\\Http\\Request), Object(Closure))
#25 D:\\KULIAHHHHZCZCZ\\SEMESTER 4\\PEMFRAME\\BUAT VSCOD\\minggu_4\\vendor\\laravel\\framework\\src\\Illuminate\\Cookie\\Middleware\\AddQueuedCookiesToResponse.php(37): Illuminate\\Pipeline\\Pipeline->Illuminate\\Pipeline\\{closure}(Object(Illuminate\\Http\\Request))
#26 D:\\KULIAHHHHZCZCZ\\SEMESTER 4\\PEMFRAME\\BUAT VSCOD\\minggu_4\\vendor\\laravel\\framework\\src\\Illuminate\\Pipeline\\Pipeline.php(183): Illuminate\\Cookie\\Middleware\\AddQueuedCookiesToResponse->handle(Object(Illuminate\\Http\\Request), Object(Closure))
#27 D:\\KULIAHHHHZCZCZ\\SEMESTER 4\\PEMFRAME\\BUAT VSCOD\\minggu_4\\vendor\\laravel\\framework\\src\\Illuminate\\Cookie\\Middleware\\EncryptCookies.php(75): Illuminate\\Pipeline\\Pipeline->Illuminate\\Pipeline\\{closure}(Object(Illuminate\\Http\\Request))
#28 D:\\KULIAHHHHZCZCZ\\SEMESTER 4\\PEMFRAME\\BUAT VSCOD\\minggu_4\\vendor\\laravel\\framework\\src\\Illuminate\\Pipeline\\Pipeline.php(183): Illuminate\\Cookie\\Middleware\\EncryptCookies->handle(Object(Illuminate\\Http\\Request), Object(Closure))
#29 D:\\KULIAHHHHZCZCZ\\SEMESTER 4\\PEMFRAME\\BUAT VSCOD\\minggu_4\\vendor\\laravel\\framework\\src\\Illuminate\\Pipeline\\Pipeline.php(119): Illuminate\\Pipeline\\Pipeline->Illuminate\\Pipeline\\{closure}(Object(Illuminate\\Http\\Request))
#30 D:\\KULIAHHHHZCZCZ\\SEMESTER 4\\PEMFRAME\\BUAT VSCOD\\minggu_4\\vendor\\laravel\\framework\\src\\Illuminate\\Routing\\Router.php(805): Illuminate\\Pipeline\\Pipeline->then(Object(Closure))
#31 D:\\KULIAHHHHZCZCZ\\SEMESTER 4\\PEMFRAME\\BUAT VSCOD\\minggu_4\\vendor\\laravel\\framework\\src\\Illuminate\\Routing\\Router.php(784): Illuminate\\Routing\\Router->runRouteWithinStack(Object(Illuminate\\Routing\\Route), Object(Illuminate\\Http\\Request))
#32 D:\\KULIAHHHHZCZCZ\\SEMESTER 4\\PEMFRAME\\BUAT VSCOD\\minggu_4\\vendor\\laravel\\framework\\src\\Illuminate\\Routing\\Router.php(748): Illuminate\\Routing\\Router->runRoute(Object(Illuminate\\Http\\Request), Object(Illuminate\\Routing\\Route))
#33 D:\\KULIAHHHHZCZCZ\\SEMESTER 4\\PEMFRAME\\BUAT VSCOD\\minggu_4\\vendor\\laravel\\framework\\src\\Illuminate\\Routing\\Router.php(737): Illuminate\\Routing\\Router->dispatchToRoute(Object(Illuminate\\Http\\Request))
#34 D:\\KULIAHHHHZCZCZ\\SEMESTER 4\\PEMFRAME\\BUAT VSCOD\\minggu_4\\vendor\\laravel\\framework\\src\\Illuminate\\Foundation\\Http\\Kernel.php(200): Illuminate\\Routing\\Router->dispatch(Object(Illuminate\\Http\\Request))
#35 D:\\KULIAHHHHZCZCZ\\SEMESTER 4\\PEMFRAME\\BUAT VSCOD\\minggu_4\\vendor\\laravel\\framework\\src\\Illuminate\\Pipeline\\Pipeline.php(144): Illuminate\\Foundation\\Http\\Kernel->Illuminate\\Foundation\\Http\\{closure}(Object(Illuminate\\Http\\Request))
#36 D:\\KULIAHHHHZCZCZ\\SEMESTER 4\\PEMFRAME\\BUAT VSCOD\\minggu_4\\vendor\\laravel\\framework\\src\\Illuminate\\Foundation\\Http\\Middleware\\TransformsRequest.php(21): Illuminate\\Pipeline\\Pipeline->Illuminate\\Pipeline\\{closure}(Object(Illuminate\\Http\\Request))
#37 D:\\KULIAHHHHZCZCZ\\SEMESTER 4\\PEMFRAME\\BUAT VSCOD\\minggu_4\\vendor\\laravel\\framework\\src\\Illuminate\\Foundation\\Http\\Middleware\\ConvertEmptyStringsToNull.php(31): Illuminate\\Foundation\\Http\\Middleware\\TransformsRequest->handle(Object(Illuminate\\Http\\Request), Object(Closure))
#38 D:\\KULIAHHHHZCZCZ\\SEMESTER 4\\PEMFRAME\\BUAT VSCOD\\minggu_4\\vendor\\laravel\\framework\\src\\Illuminate\\Pipeline\\Pipeline.php(183): Illuminate\\Foundation\\Http\\Middleware\\ConvertEmptyStringsToNull->handle(Object(Illuminate\\Http\\Request), Object(Closure))
#39 D:\\KULIAHHHHZCZCZ\\SEMESTER 4\\PEMFRAME\\BUAT VSCOD\\minggu_4\\vendor\\laravel\\framework\\src\\Illuminate\\Foundation\\Http\\Middleware\\TransformsRequest.php(21): Illuminate\\Pipeline\\Pipeline->Illuminate\\Pipeline\\{closure}(Object(Illuminate\\Http\\Request))
#40 D:\\KULIAHHHHZCZCZ\\SEMESTER 4\\PEMFRAME\\BUAT VSCOD\\minggu_4\\vendor\\laravel\\framework\\src\\Illuminate\\Foundation\\Http\\Middleware\\TrimStrings.php(50): Illuminate\\Foundation\\Http\\Middleware\\TransformsRequest->handle(Object(Illuminate\\Http\\Request), Object(Closure))
#41 D:\\KULIAHHHHZCZCZ\\SEMESTER 4\\PEMFRAME\\BUAT VSCOD\\minggu_4\\vendor\\laravel\\framework\\src\\Illuminate\\Pipeline\\Pipeline.php(183): Illuminate\\Foundation\\Http\\Middleware\\TrimStrings->handle(Object(Illuminate\\Http\\Request), Object(Closure))
#42 D:\\KULIAHHHHZCZCZ\\SEMESTER 4\\PEMFRAME\\BUAT VSCOD\\minggu_4\\vendor\\laravel\\framework\\src\\Illuminate\\Http\\Middleware\\ValidatePostSize.php(27): Illuminate\\Pipeline\\Pipeline->Illuminate\\Pipeline\\{closure}(Object(Illuminate\\Http\\Request))
#43 D:\\KULIAHHHHZCZCZ\\SEMESTER 4\\PEMFRAME\\BUAT VSCOD\\minggu_4\\vendor\\laravel\\framework\\src\\Illuminate\\Pipeline\\Pipeline.php(183): Illuminate\\Http\\Middleware\\ValidatePostSize->handle(Object(Illuminate\\Http\\Request), Object(Closure))
#44 D:\\KULIAHHHHZCZCZ\\SEMESTER 4\\PEMFRAME\\BUAT VSCOD\\minggu_4\\vendor\\laravel\\framework\\src\\Illuminate\\Foundation\\Http\\Middleware\\PreventRequestsDuringMaintenance.php(103): Illuminate\\Pipeline\\Pipeline->Illuminate\\Pipeline\\{closure}(Object(Illuminate\\Http\\Request))
#45 D:\\KULIAHHHHZCZCZ\\SEMESTER 4\\PEMFRAME\\BUAT VSCOD\\minggu_4\\vendor\\laravel\\framework\\src\\Illuminate\\Pipeline\\Pipeline.php(183): Illuminate\\Foundation\\Http\\Middleware\\PreventRequestsDuringMaintenance->handle(Object(Illuminate\\Http\\Request), Object(Closure))
#46 D:\\KULIAHHHHZCZCZ\\SEMESTER 4\\PEMFRAME\\BUAT VSCOD\\minggu_4\\vendor\\laravel\\framework\\src\\Illuminate\\Http\\Middleware\\HandleCors.php(49): Illuminate\\Pipeline\\Pipeline->Illuminate\\Pipeline\\{closure}(Object(Illuminate\\Http\\Request))
#47 D:\\KULIAHHHHZCZCZ\\SEMESTER 4\\PEMFRAME\\BUAT VSCOD\\minggu_4\\vendor\\laravel\\framework\\src\\Illuminate\\Pipeline\\Pipeline.php(183): Illuminate\\Http\\Middleware\\HandleCors->handle(Object(Illuminate\\Http\\Request), Object(Closure))
#48 D:\\KULIAHHHHZCZCZ\\SEMESTER 4\\PEMFRAME\\BUAT VSCOD\\minggu_4\\vendor\\laravel\\framework\\src\\Illuminate\\Http\\Middleware\\TrustProxies.php(57): Illuminate\\Pipeline\\Pipeline->Illuminate\\Pipeline\\{closure}(Object(Illuminate\\Http\\Request))
#49 D:\\KULIAHHHHZCZCZ\\SEMESTER 4\\PEMFRAME\\BUAT VSCOD\\minggu_4\\vendor\\laravel\\framework\\src\\Illuminate\\Pipeline\\Pipeline.php(183): Illuminate\\Http\\Middleware\\TrustProxies->handle(Object(Illuminate\\Http\\Request), Object(Closure))
#50 D:\\KULIAHHHHZCZCZ\\SEMESTER 4\\PEMFRAME\\BUAT VSCOD\\minggu_4\\vendor\\laravel\\framework\\src\\Illuminate\\Pipeline\\Pipeline.php(119): Illuminate\\Pipeline\\Pipeline->Illuminate\\Pipeline\\{closure}(Object(Illuminate\\Http\\Request))
#51 D:\\KULIAHHHHZCZCZ\\SEMESTER 4\\PEMFRAME\\BUAT VSCOD\\minggu_4\\vendor\\laravel\\framework\\src\\Illuminate\\Foundation\\Http\\Kernel.php(175): Illuminate\\Pipeline\\Pipeline->then(Object(Closure))
#52 D:\\KULIAHHHHZCZCZ\\SEMESTER 4\\PEMFRAME\\BUAT VSCOD\\minggu_4\\vendor\\laravel\\framework\\src\\Illuminate\\Foundation\\Http\\Kernel.php(144): Illuminate\\Foundation\\Http\\Kernel->sendRequestThroughRouter(Object(Illuminate\\Http\\Request))
#53 D:\\KULIAHHHHZCZCZ\\SEMESTER 4\\PEMFRAME\\BUAT VSCOD\\minggu_4\\vendor\\laravel\\framework\\src\\Illuminate\\Foundation\\Application.php(1168): Illuminate\\Foundation\\Http\\Kernel->handle(Object(Illuminate\\Http\\Request))
#54 D:\\KULIAHHHHZCZCZ\\SEMESTER 4\\PEMFRAME\\BUAT VSCOD\\minggu_4\\public\\index.php(17): Illuminate\\Foundation\\Application->handleRequest(Object(Illuminate\\Http\\Request))
#55 D:\\KULIAHHHHZCZCZ\\SEMESTER 4\\PEMFRAME\\BUAT VSCOD\\minggu_4\\vendor\\laravel\\framework\\src\\Illuminate\\Foundation\\resources\\server.php(16): require_once('D:\\\\KULIAHHHHZCZ...')
#56 {main}

[previous exception] [object] (Exception(code: 0): Unable to locate file in Vite manifest: resources/images/coba.jpg. at D:\\KULIAHHHHZCZCZ\\SEMESTER 4\\PEMFRAME\\BUAT VSCOD\\minggu_4\\vendor\\laravel\\framework\\src\\Illuminate\\Foundation\\Vite.php:781)
[stacktrace]
#0 D:\\KULIAHHHHZCZCZ\\SEMESTER 4\\PEMFRAME\\BUAT VSCOD\\minggu_4\\vendor\\laravel\\framework\\src\\Illuminate\\Foundation\\Vite.php(673): Illuminate\\Foundation\\Vite->chunk(Array, 'resources/image...')
#1 D:\\KULIAHHHHZCZCZ\\SEMESTER 4\\PEMFRAME\\BUAT VSCOD\\minggu_4\\vendor\\laravel\\framework\\src\\Illuminate\\Support\\Facades\\Facade.php(357): Illuminate\\Foundation\\Vite->asset('resources/image...')
#2 D:\\KULIAHHHHZCZCZ\\SEMESTER 4\\PEMFRAME\\BUAT VSCOD\\minggu_4\\storage\\framework\\views\\f6171ce1734c73e21776f9b7d30c3f69.php(13): Illuminate\\Support\\Facades\\Facade::__callStatic('asset', Array)
#3 D:\\KULIAHHHHZCZCZ\\SEMESTER 4\\PEMFRAME\\BUAT VSCOD\\minggu_4\\vendor\\laravel\\framework\\src\\Illuminate\\Filesystem\\Filesystem.php(123): require('D:\\\\KULIAHHHHZCZ...')
#4 D:\\KULIAHHHHZCZCZ\\SEMESTER 4\\PEMFRAME\\BUAT VSCOD\\minggu_4\\vendor\\laravel\\framework\\src\\Illuminate\\Filesystem\\Filesystem.php(124): Illuminate\\Filesystem\\Filesystem::Illuminate\\Filesystem\\{closure}()
#5 D:\\KULIAHHHHZCZCZ\\SEMESTER 4\\PEMFRAME\\BUAT VSCOD\\minggu_4\\vendor\\laravel\\framework\\src\\Illuminate\\View\\Engines\\PhpEngine.php(58): Illuminate\\Filesystem\\Filesystem->getRequire('D:\\\\KULIAHHHHZCZ...', Array)
#6 D:\\KULIAHHHHZCZCZ\\SEMESTER 4\\PEMFRAME\\BUAT VSCOD\\minggu_4\\vendor\\laravel\\framework\\src\\Illuminate\\View\\Engines\\CompilerEngine.php(73): Illuminate\\View\\Engines\\PhpEngine->evaluatePath('D:\\\\KULIAHHHHZCZ...', Array)
#7 D:\\KULIAHHHHZCZCZ\\SEMESTER 4\\PEMFRAME\\BUAT VSCOD\\minggu_4\\vendor\\laravel\\framework\\src\\Illuminate\\View\\View.php(208): Illuminate\\View\\Engines\\CompilerEngine->get('D:\\\\KULIAHHHHZCZ...', Array)
#8 D:\\KULIAHHHHZCZCZ\\SEMESTER 4\\PEMFRAME\\BUAT VSCOD\\minggu_4\\vendor\\laravel\\framework\\src\\Illuminate\\View\\View.php(191): Illuminate\\View\\View->getContents()
#9 D:\\KULIAHHHHZCZCZ\\SEMESTER 4\\PEMFRAME\\BUAT VSCOD\\minggu_4\\vendor\\laravel\\framework\\src\\Illuminate\\View\\View.php(160): Illuminate\\View\\View->renderContents()
#10 D:\\KULIAHHHHZCZCZ\\SEMESTER 4\\PEMFRAME\\BUAT VSCOD\\minggu_4\\vendor\\laravel\\framework\\src\\Illuminate\\Http\\Response.php(70): Illuminate\\View\\View->render()
#11 D:\\KULIAHHHHZCZCZ\\SEMESTER 4\\PEMFRAME\\BUAT VSCOD\\minggu_4\\vendor\\laravel\\framework\\src\\Illuminate\\Http\\Response.php(35): Illuminate\\Http\\Response->setContent(Object(Illuminate\\View\\View))
#12 D:\\KULIAHHHHZCZCZ\\SEMESTER 4\\PEMFRAME\\BUAT VSCOD\\minggu_4\\vendor\\laravel\\framework\\src\\Illuminate\\Routing\\Router.php(918): Illuminate\\Http\\Response->__construct(Object(Illuminate\\View\\View), 200, Array)
#13 D:\\KULIAHHHHZCZCZ\\SEMESTER 4\\PEMFRAME\\BUAT VSCOD\\minggu_4\\vendor\\laravel\\framework\\src\\Illuminate\\Routing\\Router.php(885): Illuminate\\Routing\\Router::toResponse(Object(Illuminate\\Http\\Request), Object(Illuminate\\View\\View))
#14 D:\\KULIAHHHHZCZCZ\\SEMESTER 4\\PEMFRAME\\BUAT VSCOD\\minggu_4\\vendor\\laravel\\framework\\src\\Illuminate\\Routing\\Router.php(805): Illuminate\\Routing\\Router->prepareResponse(Object(Illuminate\\Http\\Request), Object(Illuminate\\View\\View))
#15 D:\\KULIAHHHHZCZCZ\\SEMESTER 4\\PEMFRAME\\BUAT VSCOD\\minggu_4\\vendor\\laravel\\framework\\src\\Illuminate\\Pipeline\\Pipeline.php(144): Illuminate\\Routing\\Router->Illuminate\\Routing\\{closure}(Object(Illuminate\\Http\\Request))
#16 D:\\KULIAHHHHZCZCZ\\SEMESTER 4\\PEMFRAME\\BUAT VSCOD\\minggu_4\\vendor\\laravel\\framework\\src\\Illuminate\\Routing\\Middleware\\SubstituteBindings.php(50): Illuminate\\Pipeline\\Pipeline->Illuminate\\Pipeline\\{closure}(Object(Illuminate\\Http\\Request))
#17 D:\\KULIAHHHHZCZCZ\\SEMESTER 4\\PEMFRAME\\BUAT VSCOD\\minggu_4\\vendor\\laravel\\framework\\src\\Illuminate\\Pipeline\\Pipeline.php(183): Illuminate\\Routing\\Middleware\\SubstituteBindings->handle(Object(Illuminate\\Http\\Request), Object(Closure))
#18 D:\\KULIAHHHHZCZCZ\\SEMESTER 4\\PEMFRAME\\BUAT VSCOD\\minggu_4\\vendor\\laravel\\framework\\src\\Illuminate\\Foundation\\Http\\Middleware\\VerifyCsrfToken.php(81): Illuminate\\Pipeline\\Pipeline->Illuminate\\Pipeline\\{closure}(Object(Illuminate\\Http\\Request))
#19 D:\\KULIAHHHHZCZCZ\\SEMESTER 4\\PEMFRAME\\BUAT VSCOD\\minggu_4\\vendor\\laravel\\framework\\src\\Illuminate\\Pipeline\\Pipeline.php(183): Illuminate\\Foundation\\Http\\Middleware\\VerifyCsrfToken->handle(Object(Illuminate\\Http\\Request), Object(Closure))
#20 D:\\KULIAHHHHZCZCZ\\SEMESTER 4\\PEMFRAME\\BUAT VSCOD\\minggu_4\\vendor\\laravel\\framework\\src\\Illuminate\\View\\Middleware\\ShareErrorsFromSession.php(49): Illuminate\\Pipeline\\Pipeline->Illuminate\\Pipeline\\{closure}(Object(Illuminate\\Http\\Request))
#21 D:\\KULIAHHHHZCZCZ\\SEMESTER 4\\PEMFRAME\\BUAT VSCOD\\minggu_4\\vendor\\laravel\\framework\\src\\Illuminate\\Pipeline\\Pipeline.php(183): Illuminate\\View\\Middleware\\ShareErrorsFromSession->handle(Object(Illuminate\\Http\\Request), Object(Closure))
#22 D:\\KULIAHHHHZCZCZ\\SEMESTER 4\\PEMFRAME\\BUAT VSCOD\\minggu_4\\vendor\\laravel\\framework\\src\\Illuminate\\Session\\Middleware\\StartSession.php(121): Illuminate\\Pipeline\\Pipeline->Illuminate\\Pipeline\\{closure}(Object(Illuminate\\Http\\Request))
#23 D:\\KULIAHHHHZCZCZ\\SEMESTER 4\\PEMFRAME\\BUAT VSCOD\\minggu_4\\vendor\\laravel\\framework\\src\\Illuminate\\Session\\Middleware\\StartSession.php(64): Illuminate\\Session\\Middleware\\StartSession->handleStatefulRequest(Object(Illuminate\\Http\\Request), Object(Illuminate\\Session\\Store), Object(Closure))
#24 D:\\KULIAHHHHZCZCZ\\SEMESTER 4\\PEMFRAME\\BUAT VSCOD\\minggu_4\\vendor\\laravel\\framework\\src\\Illuminate\\Pipeline\\Pipeline.php(183): Illuminate\\Session\\Middleware\\StartSession->handle(Object(Illuminate\\Http\\Request), Object(Closure))
#25 D:\\KULIAHHHHZCZCZ\\SEMESTER 4\\PEMFRAME\\BUAT VSCOD\\minggu_4\\vendor\\laravel\\framework\\src\\Illuminate\\Cookie\\Middleware\\AddQueuedCookiesToResponse.php(37): Illuminate\\Pipeline\\Pipeline->Illuminate\\Pipeline\\{closure}(Object(Illuminate\\Http\\Request))
#26 D:\\KULIAHHHHZCZCZ\\SEMESTER 4\\PEMFRAME\\BUAT VSCOD\\minggu_4\\vendor\\laravel\\framework\\src\\Illuminate\\Pipeline\\Pipeline.php(183): Illuminate\\Cookie\\Middleware\\AddQueuedCookiesToResponse->handle(Object(Illuminate\\Http\\Request), Object(Closure))
#27 D:\\KULIAHHHHZCZCZ\\SEMESTER 4\\PEMFRAME\\BUAT VSCOD\\minggu_4\\vendor\\laravel\\framework\\src\\Illuminate\\Cookie\\Middleware\\EncryptCookies.php(75): Illuminate\\Pipeline\\Pipeline->Illuminate\\Pipeline\\{closure}(Object(Illuminate\\Http\\Request))
#28 D:\\KULIAHHHHZCZCZ\\SEMESTER 4\\PEMFRAME\\BUAT VSCOD\\minggu_4\\vendor\\laravel\\framework\\src\\Illuminate\\Pipeline\\Pipeline.php(183): Illuminate\\Cookie\\Middleware\\EncryptCookies->handle(Object(Illuminate\\Http\\Request), Object(Closure))
#29 D:\\KULIAHHHHZCZCZ\\SEMESTER 4\\PEMFRAME\\BUAT VSCOD\\minggu_4\\vendor\\laravel\\framework\\src\\Illuminate\\Pipeline\\Pipeline.php(119): Illuminate\\Pipeline\\Pipeline->Illuminate\\Pipeline\\{closure}(Object(Illuminate\\Http\\Request))
#30 D:\\KULIAHHHHZCZCZ\\SEMESTER 4\\PEMFRAME\\BUAT VSCOD\\minggu_4\\vendor\\laravel\\framework\\src\\Illuminate\\Routing\\Router.php(805): Illuminate\\Pipeline\\Pipeline->then(Object(Closure))
#31 D:\\KULIAHHHHZCZCZ\\SEMESTER 4\\PEMFRAME\\BUAT VSCOD\\minggu_4\\vendor\\laravel\\framework\\src\\Illuminate\\Routing\\Router.php(784): Illuminate\\Routing\\Router->runRouteWithinStack(Object(Illuminate\\Routing\\Route), Object(Illuminate\\Http\\Request))
#32 D:\\KULIAHHHHZCZCZ\\SEMESTER 4\\PEMFRAME\\BUAT VSCOD\\minggu_4\\vendor\\laravel\\framework\\src\\Illuminate\\Routing\\Router.php(748): Illuminate\\Routing\\Router->runRoute(Object(Illuminate\\Http\\Request), Object(Illuminate\\Routing\\Route))
#33 D:\\KULIAHHHHZCZCZ\\SEMESTER 4\\PEMFRAME\\BUAT VSCOD\\minggu_4\\vendor\\laravel\\framework\\src\\Illuminate\\Routing\\Router.php(737): Illuminate\\Routing\\Router->dispatchToRoute(Object(Illuminate\\Http\\Request))
#34 D:\\KULIAHHHHZCZCZ\\SEMESTER 4\\PEMFRAME\\BUAT VSCOD\\minggu_4\\vendor\\laravel\\framework\\src\\Illuminate\\Foundation\\Http\\Kernel.php(200): Illuminate\\Routing\\Router->dispatch(Object(Illuminate\\Http\\Request))
#35 D:\\KULIAHHHHZCZCZ\\SEMESTER 4\\PEMFRAME\\BUAT VSCOD\\minggu_4\\vendor\\laravel\\framework\\src\\Illuminate\\Pipeline\\Pipeline.php(144): Illuminate\\Foundation\\Http\\Kernel->Illuminate\\Foundation\\Http\\{closure}(Object(Illuminate\\Http\\Request))
#36 D:\\KULIAHHHHZCZCZ\\SEMESTER 4\\PEMFRAME\\BUAT VSCOD\\minggu_4\\vendor\\laravel\\framework\\src\\Illuminate\\Foundation\\Http\\Middleware\\TransformsRequest.php(21): Illuminate\\Pipeline\\Pipeline->Illuminate\\Pipeline\\{closure}(Object(Illuminate\\Http\\Request))
#37 D:\\KULIAHHHHZCZCZ\\SEMESTER 4\\PEMFRAME\\BUAT VSCOD\\minggu_4\\vendor\\laravel\\framework\\src\\Illuminate\\Foundation\\Http\\Middleware\\ConvertEmptyStringsToNull.php(31): Illuminate\\Foundation\\Http\\Middleware\\TransformsRequest->handle(Object(Illuminate\\Http\\Request), Object(Closure))
#38 D:\\KULIAHHHHZCZCZ\\SEMESTER 4\\PEMFRAME\\BUAT VSCOD\\minggu_4\\vendor\\laravel\\framework\\src\\Illuminate\\Pipeline\\Pipeline.php(183): Illuminate\\Foundation\\Http\\Middleware\\ConvertEmptyStringsToNull->handle(Object(Illuminate\\Http\\Request), Object(Closure))
#39 D:\\KULIAHHHHZCZCZ\\SEMESTER 4\\PEMFRAME\\BUAT VSCOD\\minggu_4\\vendor\\laravel\\framework\\src\\Illuminate\\Foundation\\Http\\Middleware\\TransformsRequest.php(21): Illuminate\\Pipeline\\Pipeline->Illuminate\\Pipeline\\{closure}(Object(Illuminate\\Http\\Request))
#40 D:\\KULIAHHHHZCZCZ\\SEMESTER 4\\PEMFRAME\\BUAT VSCOD\\minggu_4\\vendor\\laravel\\framework\\src\\Illuminate\\Foundation\\Http\\Middleware\\TrimStrings.php(50): Illuminate\\Foundation\\Http\\Middleware\\TransformsRequest->handle(Object(Illuminate\\Http\\Request), Object(Closure))
#41 D:\\KULIAHHHHZCZCZ\\SEMESTER 4\\PEMFRAME\\BUAT VSCOD\\minggu_4\\vendor\\laravel\\framework\\src\\Illuminate\\Pipeline\\Pipeline.php(183): Illuminate\\Foundation\\Http\\Middleware\\TrimStrings->handle(Object(Illuminate\\Http\\Request), Object(Closure))
#42 D:\\KULIAHHHHZCZCZ\\SEMESTER 4\\PEMFRAME\\BUAT VSCOD\\minggu_4\\vendor\\laravel\\framework\\src\\Illuminate\\Http\\Middleware\\ValidatePostSize.php(27): Illuminate\\Pipeline\\Pipeline->Illuminate\\Pipeline\\{closure}(Object(Illuminate\\Http\\Request))
#43 D:\\KULIAHHHHZCZCZ\\SEMESTER 4\\PEMFRAME\\BUAT VSCOD\\minggu_4\\vendor\\laravel\\framework\\src\\Illuminate\\Pipeline\\Pipeline.php(183): Illuminate\\Http\\Middleware\\ValidatePostSize->handle(Object(Illuminate\\Http\\Request), Object(Closure))
#44 D:\\KULIAHHHHZCZCZ\\SEMESTER 4\\PEMFRAME\\BUAT VSCOD\\minggu_4\\vendor\\laravel\\framework\\src\\Illuminate\\Foundation\\Http\\Middleware\\PreventRequestsDuringMaintenance.php(103): Illuminate\\Pipeline\\Pipeline->Illuminate\\Pipeline\\{closure}(Object(Illuminate\\Http\\Request))
#45 D:\\KULIAHHHHZCZCZ\\SEMESTER 4\\PEMFRAME\\BUAT VSCOD\\minggu_4\\vendor\\laravel\\framework\\src\\Illuminate\\Pipeline\\Pipeline.php(183): Illuminate\\Foundation\\Http\\Middleware\\PreventRequestsDuringMaintenance->handle(Object(Illuminate\\Http\\Request), Object(Closure))
#46 D:\\KULIAHHHHZCZCZ\\SEMESTER 4\\PEMFRAME\\BUAT VSCOD\\minggu_4\\vendor\\laravel\\framework\\src\\Illuminate\\Http\\Middleware\\HandleCors.php(49): Illuminate\\Pipeline\\Pipeline->Illuminate\\Pipeline\\{closure}(Object(Illuminate\\Http\\Request))
#47 D:\\KULIAHHHHZCZCZ\\SEMESTER 4\\PEMFRAME\\BUAT VSCOD\\minggu_4\\vendor\\laravel\\framework\\src\\Illuminate\\Pipeline\\Pipeline.php(183): Illuminate\\Http\\Middleware\\HandleCors->handle(Object(Illuminate\\Http\\Request), Object(Closure))
#48 D:\\KULIAHHHHZCZCZ\\SEMESTER 4\\PEMFRAME\\BUAT VSCOD\\minggu_4\\vendor\\laravel\\framework\\src\\Illuminate\\Http\\Middleware\\TrustProxies.php(57): Illuminate\\Pipeline\\Pipeline->Illuminate\\Pipeline\\{closure}(Object(Illuminate\\Http\\Request))
#49 D:\\KULIAHHHHZCZCZ\\SEMESTER 4\\PEMFRAME\\BUAT VSCOD\\minggu_4\\vendor\\laravel\\framework\\src\\Illuminate\\Pipeline\\Pipeline.php(183): Illuminate\\Http\\Middleware\\TrustProxies->handle(Object(Illuminate\\Http\\Request), Object(Closure))
#50 D:\\KULIAHHHHZCZCZ\\SEMESTER 4\\PEMFRAME\\BUAT VSCOD\\minggu_4\\vendor\\laravel\\framework\\src\\Illuminate\\Pipeline\\Pipeline.php(119): Illuminate\\Pipeline\\Pipeline->Illuminate\\Pipeline\\{closure}(Object(Illuminate\\Http\\Request))
#51 D:\\KULIAHHHHZCZCZ\\SEMESTER 4\\PEMFRAME\\BUAT VSCOD\\minggu_4\\vendor\\laravel\\framework\\src\\Illuminate\\Foundation\\Http\\Kernel.php(175): Illuminate\\Pipeline\\Pipeline->then(Object(Closure))
#52 D:\\KULIAHHHHZCZCZ\\SEMESTER 4\\PEMFRAME\\BUAT VSCOD\\minggu_4\\vendor\\laravel\\framework\\src\\Illuminate\\Foundation\\Http\\Kernel.php(144): Illuminate\\Foundation\\Http\\Kernel->sendRequestThroughRouter(Object(Illuminate\\Http\\Request))
#53 D:\\KULIAHHHHZCZCZ\\SEMESTER 4\\PEMFRAME\\BUAT VSCOD\\minggu_4\\vendor\\laravel\\framework\\src\\Illuminate\\Foundation\\Application.php(1168): Illuminate\\Foundation\\Http\\Kernel->handle(Object(Illuminate\\Http\\Request))
#54 D:\\KULIAHHHHZCZCZ\\SEMESTER 4\\PEMFRAME\\BUAT VSCOD\\minggu_4\\public\\index.php(17): Illuminate\\Foundation\\Application->handleRequest(Object(Illuminate\\Http\\Request))
#55 D:\\KULIAHHHHZCZCZ\\SEMESTER 4\\PEMFRAME\\BUAT VSCOD\\minggu_4\\vendor\\laravel\\framework\\src\\Illuminate\\Foundation\\resources\\server.php(16): require_once('D:\\\\KULIAHHHHZCZ...')
#56 {main}
"} 
